<?xml version="1.0" encoding="UTF-8"?>
<!-- Generated by org.testng.reporters.JUnitReportReporter -->
<testsuite hostname="nb-hdu" failures="0" tests="1" name="hduappium.AccessibilityTest3" time="2.420" errors="0" timestamp="2023-12-25T16:14:48 CET" skipped="0">
  <testcase classname="hduappium.AccessibilityTest3" name="accessibilityTest" time="2.420"/>
</testsuite> <!-- hduappium.AccessibilityTest3 -->
