<?xml version="1.0" encoding="UTF-8"?>
<!-- Generated by org.testng.reporters.JUnitReportReporter -->
<testsuite hostname="nb-hdu" failures="0" tests="1" name="hduappium.Accessibot3" time="31.921" errors="0" timestamp="2024-04-27T14:23:42 CEST" skipped="0">
  <testcase classname="hduappium.Accessibot3" name="accessibilityTest" time="31.921"/>
</testsuite> <!-- hduappium.Accessibot3 -->
