<?xml version="1.0" encoding="UTF-8"?>
<!-- Generated by org.testng.reporters.JUnitReportReporter -->
<testsuite hostname="nb-hdu" failures="0" tests="1" name="hduappium.AccessibilityTest2" time="4.113" errors="0" timestamp="2023-12-24T12:50:53 CET" skipped="0">
  <testcase classname="hduappium.AccessibilityTest2" name="accessibilityTest" time="4.113"/>
</testsuite> <!-- hduappium.AccessibilityTest2 -->
