<?xml version="1.0" encoding="UTF-8"?>
<!-- Generated by org.testng.reporters.JUnitReportReporter -->
<testsuite hostname="nb-hdu" failures="0" tests="1" name="hduappium.LongPress" time="7.707" errors="0" timestamp="2023-09-11T15:22:32 CEST" skipped="0">
  <testcase classname="hduappium.LongPress" name="longPressGesture" time="7.707"/>
</testsuite> <!-- hduappium.LongPress -->
