<?xml version="1.0" encoding="UTF-8"?>
<!-- Generated by org.testng.reporters.JUnitReportReporter -->
<testsuite hostname="nb-hdu" failures="0" tests="1" name="hduappium.Accessibot_BVG2" time="595.426" errors="0" timestamp="2024-07-06T16:16:24 CEST" skipped="0">
  <testcase classname="hduappium.Accessibot_BVG2" name="accessibilityTest" time="595.426"/>
</testsuite> <!-- hduappium.Accessibot_BVG2 -->
