<?xml version="1.0" encoding="UTF-8"?>
<!-- Generated by org.testng.reporters.JUnitReportReporter -->
<testsuite hostname="nb-hdu" failures="0" tests="1" name="hduappium.AccessibilityTest4_dummy3" time="317.525" errors="0" timestamp="2024-03-20T13:28:04 CET" skipped="0">
  <testcase classname="hduappium.AccessibilityTest4_dummy3" name="accessibilityTest" time="317.525"/>
</testsuite> <!-- hduappium.AccessibilityTest4_dummy3 -->
