<?xml version="1.0" encoding="UTF-8"?>
<!-- Generated by org.testng.reporters.JUnitReportReporter -->
<testsuite hostname="nb-hdu" failures="0" tests="1" name="hduappium.AccessibilityTest4_dummy4" time="132.807" errors="0" timestamp="2024-03-25T22:04:51 CET" skipped="0">
  <testcase classname="hduappium.AccessibilityTest4_dummy4" name="accessibilityTest" time="132.807"/>
</testsuite> <!-- hduappium.AccessibilityTest4_dummy4 -->
