<?xml version="1.0" encoding="UTF-8"?>
<!-- Generated by org.testng.reporters.JUnitReportReporter -->
<testsuite hostname="nb-hdu" failures="0" tests="1" name="hduappium.Accessibot_TMR" time="831.487" errors="0" timestamp="2024-04-24T10:39:08 CEST" skipped="0">
  <testcase classname="hduappium.Accessibot_TMR" name="accessibilityTest" time="831.487"/>
</testsuite> <!-- hduappium.Accessibot_TMR -->
