<?xml version="1.0" encoding="UTF-8"?>
<!-- Generated by org.testng.reporters.JUnitReportReporter -->
<testsuite hostname="nb-hdu" failures="0" tests="1" name="hduappium.Accessibot_TMR2" time="3488.467" errors="0" timestamp="2024-04-23T18:12:54 CEST" skipped="0">
  <testcase classname="hduappium.Accessibot_TMR2" name="accessibilityTest" time="3488.467"/>
</testsuite> <!-- hduappium.Accessibot_TMR2 -->
