<?xml version="1.0" encoding="UTF-8"?>
<!-- Generated by org.testng.reporters.JUnitReportReporter -->
<testsuite hostname="nb-hdu" failures="0" tests="1" name="hduappium.AccessibilityTest2" time="21.302" errors="0" timestamp="2024-02-02T17:29:49 CET" skipped="0">
  <testcase classname="hduappium.AccessibilityTest2" name="accessibilityTest" time="21.302"/>
</testsuite> <!-- hduappium.AccessibilityTest2 -->
