<?xml version="1.0" encoding="UTF-8"?>
<!-- Generated by org.testng.reporters.JUnitReportReporter -->
<testsuite hostname="nb-hdu" failures="0" tests="1" name="hduappium.ScrollDemo" time="4.597" errors="0" timestamp="2023-09-11T17:47:03 CEST" skipped="0">
  <testcase classname="hduappium.ScrollDemo" name="scrollGesture" time="4.597"/>
</testsuite> <!-- hduappium.ScrollDemo -->
