<?xml version="1.0" encoding="UTF-8"?>
<!-- Generated by org.testng.reporters.JUnitReportReporter -->
<testsuite hostname="nb-hdu" failures="0" tests="1" name="hduappium.AccessibilityTest4" time="9.789" errors="0" timestamp="2024-02-07T22:35:21 CET" skipped="0">
  <testcase classname="hduappium.AccessibilityTest4" name="accessibilityTest" time="9.789"/>
</testsuite> <!-- hduappium.AccessibilityTest4 -->
