<?xml version="1.0" encoding="UTF-8"?>
<!-- Generated by org.testng.reporters.JUnitReportReporter -->
<testsuite hostname="nb-hdu" failures="0" tests="1" name="hduappium.AccessibilityTest4_dummy5" time="132.055" errors="0" timestamp="2024-03-29T15:22:37 CET" skipped="0">
  <testcase classname="hduappium.AccessibilityTest4_dummy5" name="accessibilityTest" time="132.055"/>
</testsuite> <!-- hduappium.AccessibilityTest4_dummy5 -->
