<?xml version="1.0" encoding="UTF-8"?>
<!-- Generated by org.testng.reporters.JUnitReportReporter -->
<testsuite hostname="nb-hdu" failures="0" tests="1" name="hduappium.Accessibot_BVG" time="251.168" errors="0" timestamp="2024-07-06T14:04:23 CEST" skipped="0">
  <testcase classname="hduappium.Accessibot_BVG" name="accessibilityTest" time="251.168"/>
</testsuite> <!-- hduappium.Accessibot_BVG -->
