<?xml version="1.0" encoding="UTF-8"?>
<!-- Generated by org.testng.reporters.JUnitReportReporter -->
<testsuite hostname="nb-hdu" failures="0" tests="1" name="hduappium.AccessibilityTest4_dummy" time="25.314" errors="0" timestamp="2024-02-16T17:40:33 CET" skipped="0">
  <testcase classname="hduappium.AccessibilityTest4_dummy" name="accessibilityTest" time="25.314"/>
</testsuite> <!-- hduappium.AccessibilityTest4_dummy -->
