<?xml version="1.0" encoding="UTF-8"?>
<!-- Generated by org.testng.reporters.JUnitReportReporter -->
<testsuite hostname="nb-hdu" failures="0" tests="1" name="hduappium.AT" time="10.458" errors="0" timestamp="2023-09-11T17:09:26 CEST" skipped="0">
  <testcase classname="hduappium.AT" name="fillForm" time="10.458"/>
</testsuite> <!-- hduappium.AT -->
