<?xml version="1.0" encoding="UTF-8"?>
<!-- Generated by org.testng.reporters.JUnitReportReporter -->
<testsuite hostname="nb-hdu" failures="0" tests="1" name="hduappium.AccessibilityTest4_dummy5" time="202.939" errors="0" timestamp="2024-04-04T18:18:22 CEST" skipped="0">
  <testcase classname="hduappium.AccessibilityTest4_dummy5" name="accessibilityTest" time="202.939"/>
</testsuite> <!-- hduappium.AccessibilityTest4_dummy5 -->
