<?xml version="1.0" encoding="UTF-8"?>
<!-- Generated by org.testng.reporters.JUnitReportReporter -->
<testsuite hostname="nb-hdu" failures="0" tests="1" name="hduappium.AccessibilityTest6" time="0.096" errors="0" timestamp="2024-01-19T20:21:40 CET" skipped="0">
  <testcase classname="hduappium.AccessibilityTest6" name="accessibilityTest" time="0.096"/>
</testsuite> <!-- hduappium.AccessibilityTest6 -->
