<?xml version="1.0" encoding="UTF-8"?>
<!-- Generated by org.testng.reporters.JUnitReportReporter -->
<testsuite hostname="nb-hdu" failures="0" tests="1" name="hduappium.Accessibot_TextScaling" time="64.986" errors="0" timestamp="2024-07-04T17:26:57 CEST" skipped="0">
  <testcase classname="hduappium.Accessibot_TextScaling" name="accessibilityTest" time="64.986"/>
</testsuite> <!-- hduappium.Accessibot_TextScaling -->
