<?xml version="1.0" encoding="UTF-8"?>
<!-- Generated by org.testng.reporters.JUnitReportReporter -->
<testsuite hostname="nb-hdu" failures="0" tests="1" name="hduappium.AccessibilityTest7" time="2.059" errors="0" timestamp="2024-01-26T17:37:26 CET" skipped="0">
  <testcase classname="hduappium.AccessibilityTest7" name="accessibilityTest" time="2.059"/>
</testsuite> <!-- hduappium.AccessibilityTest7 -->
