<?xml version="1.0" encoding="UTF-8"?>
<!-- Generated by org.testng.reporters.JUnitReportReporter -->
<testsuite hostname="nb-hdu" failures="0" tests="1" name="hduappium.SwipeDemo" time="6.873" errors="0" timestamp="2023-09-05T16:32:40 CEST" skipped="0">
  <testcase classname="hduappium.SwipeDemo" name="swipeGesture" time="6.873"/>
</testsuite> <!-- hduappium.SwipeDemo -->
