<?xml version="1.0" encoding="UTF-8"?>
<!-- Generated by org.testng.reporters.JUnitReportReporter -->
<testsuite hostname="nb-hdu" failures="0" tests="1" name="hduappium.eCommerce_tc_3" time="22.539" errors="0" timestamp="2023-09-12T13:10:04 CEST" skipped="0">
  <testcase classname="hduappium.eCommerce_tc_3" name="fillForm" time="22.539"/>
</testsuite> <!-- hduappium.eCommerce_tc_3 -->
