<?xml version="1.0" encoding="UTF-8"?>
<!-- Generated by org.testng.reporters.JUnitReportReporter -->
<testsuite hostname="nb-hdu" failures="0" tests="1" name="hduappium.AccessibilityTest5" time="0.006" errors="0" timestamp="2024-01-17T22:52:25 CET" skipped="0">
  <testcase classname="hduappium.AccessibilityTest5" name="testMethod" time="0.006"/>
</testsuite> <!-- hduappium.AccessibilityTest5 -->
