<?xml version="1.0" encoding="UTF-8"?>
<!-- Generated by org.testng.reporters.JUnitReportReporter -->
<testsuite hostname="nb-hdu" failures="0" tests="1" name="hduappium.AccessibilityTest4_dummy7" time="266.754" errors="0" timestamp="2024-04-03T14:42:07 CEST" skipped="0">
  <testcase classname="hduappium.AccessibilityTest4_dummy7" name="accessibilityTest" time="266.754"/>
</testsuite> <!-- hduappium.AccessibilityTest4_dummy7 -->
