<?xml version="1.0" encoding="UTF-8"?>
<!-- Generated by org.testng.reporters.JUnitReportReporter -->
<testsuite hostname="nb-hdu" failures="0" tests="1" name="hduappium.AccessibilityTest4_dummy8" time="3961.627" errors="0" timestamp="2024-04-05T15:51:50 CEST" skipped="0">
  <testcase classname="hduappium.AccessibilityTest4_dummy8" name="accessibilityTest" time="3961.627"/>
</testsuite> <!-- hduappium.AccessibilityTest4_dummy8 -->
