<?xml version="1.0" encoding="UTF-8"?>
<!-- Generated by org.testng.reporters.JUnitReportReporter -->
<testsuite hostname="nb-hdu" failures="0" tests="1" name="hduappium.AccessibilityTest8" time="2.195" errors="0" timestamp="2024-02-04T19:09:53 CET" skipped="0">
  <testcase classname="hduappium.AccessibilityTest8" name="accessibilityTest" time="2.195"/>
</testsuite> <!-- hduappium.AccessibilityTest8 -->
