<?xml version="1.0" encoding="UTF-8"?>
<!-- Generated by org.testng.reporters.JUnitReportReporter -->
<testsuite hostname="nb-hdu" failures="0" tests="1" name="hduappium.DragDropDemo" time="3.879" errors="0" timestamp="2023-09-18T23:31:34 CEST" skipped="0">
  <testcase classname="hduappium.DragDropDemo" name="dragGesture" time="3.879"/>
</testsuite> <!-- hduappium.DragDropDemo -->
