<?xml version="1.0" encoding="UTF-8"?>
<!-- Generated by org.testng.reporters.JUnitReportReporter -->
<testsuite hostname="nb-hdu" failures="0" tests="1" name="hduappium.AccessibilityTest4_dummy9" time="290.012" errors="0" timestamp="2024-04-04T09:30:16 CEST" skipped="0">
  <testcase classname="hduappium.AccessibilityTest4_dummy9" name="accessibilityTest" time="290.012"/>
</testsuite> <!-- hduappium.AccessibilityTest4_dummy9 -->
